<?xml version="1.0" encoding="UTF-8"?>
<!-- Generated by org.testng.reporters.JUnitXMLReporter -->
<testsuite hostname="SAGAR-PC" name="Test" tests="1" failures="1" timestamp="26 Jun 2018 06:37:28 GMT" time="0.451" errors="0">
  <testcase name="t1" time="0.413" classname="com.sag.RestAssured.FirstApiTest">
    <failure type="java.lang.NoClassDefFoundError" message="org/apache/http/client/HttpResponseException">
      <![CDATA[java.lang.NoClassDefFoundError: org/apache/http/client/HttpResponseException
	at java.lang.ClassLoader.defineClass1(Native Method)
	at java.lang.ClassLoader.defineClass(Unknown Source)
	at java.security.SecureClassLoader.defineClass(Unknown Source)
	at java.net.URLClassLoader.defineClass(Unknown Source)
	at java.net.URLClassLoader.access$100(Unknown Source)
	at java.net.URLClassLoader$1.run(Unknown Source)
	at java.net.URLClassLoader$1.run(Unknown Source)
	at java.security.AccessController.doPrivileged(Native Method)
	at java.net.URLClassLoader.findClass(Unknown Source)
	at java.lang.ClassLoader.loadClass(Unknown Source)
	at sun.misc.Launcher$AppClassLoader.loadClass(Unknown Source)
	at java.lang.ClassLoader.loadClass(Unknown Source)
	at java.lang.Class.getDeclaredMethods0(Native Method)
	at java.lang.Class.privateGetDeclaredMethods(Unknown Source)
	at java.lang.Class.getDeclaredMethods(Unknown Source)
	at java.security.AccessController.doPrivileged(Native Method)
	at org.codehaus.groovy.util.LazyReference.getLocked(LazyReference.java:49)
	at org.codehaus.groovy.util.LazyReference.get(LazyReference.java:36)
	at org.codehaus.groovy.runtime.metaclass.MetaMethodIndex.isMatchingMethod(MetaMethodIndex.java:453)
	at org.codehaus.groovy.runtime.metaclass.MetaMethodIndex.addMethodToList(MetaMethodIndex.java:378)
	at groovy.lang.MetaClassImpl.addMetaMethodToIndex(MetaClassImpl.java:2953)
	at groovy.lang.MetaClassImpl.populateMethods(MetaClassImpl.java:396)
	at groovy.lang.MetaClassImpl.fillMethodIndex(MetaClassImpl.java:344)
	at groovy.lang.MetaClassImpl.initialize(MetaClassImpl.java:3264)
	at com.jayway.restassured.authentication.NoAuthScheme.$getStaticMetaClass(NoAuthScheme.groovy)
	at com.jayway.restassured.authentication.NoAuthScheme.<init>(NoAuthScheme.groovy)
	at com.jayway.restassured.RestAssured.<clinit>(RestAssured.java:356)
	at com.sag.RestAssured.FirstApiTest.t1(FirstApiTest.java:14)
Caused by: java.lang.ClassNotFoundException: org.apache.http.client.HttpResponseException
	at java.net.URLClassLoader$1.run(Unknown Source)
	at java.net.URLClassLoader$1.run(Unknown Source)
	at java.security.AccessController.doPrivileged(Native Method)
	at java.net.URLClassLoader.findClass(Unknown Source)
	at java.lang.ClassLoader.loadClass(Unknown Source)
	at sun.misc.Launcher$AppClassLoader.loadClass(Unknown Source)
	at java.lang.ClassLoader.loadClass(Unknown Source)
	... 68 more
... Removed 40 stack frames]]>
    </failure>
  </testcase> <!-- t1 -->
</testsuite> <!-- Test -->
